<?xml version="1.0" encoding="UTF-8"?>
<robot generator="Robot 3.2.1 (Python 3.8.2 on darwin)" generated="20200704 15:44:23.038" rpa="false">
<suite id="s1" name="Imagetest" source="/Users/smartwasap/Desktop/New Folder With Items/automated_test/TestCase/imagetest.robot">
<test id="s1-t1" name="Find image from computer">
<kw name="Open Browser" library="SeleniumLibrary">
<doc>Opens a new browser instance to the optional ``url``.</doc>
<arguments>
<arg>https://images.google.com/</arg>
<arg>chrome</arg>
</arguments>
<msg timestamp="20200704 15:44:23.256" level="INFO">Opening browser 'chrome' to base url 'https://images.google.com/'.</msg>
<status status="PASS" starttime="20200704 15:44:23.256" endtime="20200704 15:44:26.542"></status>
</kw>
<kw name="Click Element" library="SeleniumLibrary">
<doc>Click the element identified by ``locator``.</doc>
<arguments>
<arg>//span[@class="BwoPOe"]</arg>
</arguments>
<msg timestamp="20200704 15:44:26.543" level="INFO">Clicking element '//span[@class="BwoPOe"]'.</msg>
<status status="PASS" starttime="20200704 15:44:26.543" endtime="20200704 15:44:26.585"></status>
</kw>
<kw name="Click Element" library="SeleniumLibrary">
<doc>Click the element identified by ``locator``.</doc>
<arguments>
<arg>//a[contains(.,'อัปโหลดภาพ')]</arg>
</arguments>
<msg timestamp="20200704 15:44:26.585" level="INFO">Clicking element '//a[contains(.,'อัปโหลดภาพ')]'.</msg>
<status status="PASS" starttime="20200704 15:44:26.585" endtime="20200704 15:44:26.700"></status>
</kw>
<kw name="Choose File" library="SeleniumLibrary">
<doc>Inputs the ``file_path`` into the file input field ``locator``.</doc>
<arguments>
<arg>//input[@type="file"]</arg>
<arg>/Users/smartwasap/Desktop/New Folder With Items/automated_test/TestCase/1.jpg</arg>
</arguments>
<msg timestamp="20200704 15:44:26.700" level="INFO">Sending /Users/smartwasap/Desktop/New Folder With Items/automated_test/TestCase/1.jpg to browser.</msg>
<status status="PASS" starttime="20200704 15:44:26.700" endtime="20200704 15:44:31.143"></status>
</kw>
<status status="PASS" starttime="20200704 15:44:23.255" endtime="20200704 15:44:31.144" critical="yes"></status>
</test>
<status status="PASS" starttime="20200704 15:44:23.040" endtime="20200704 15:44:31.145"></status>
</suite>
<statistics>
<total>
<stat pass="1" fail="0">Critical Tests</stat>
<stat pass="1" fail="0">All Tests</stat>
</total>
<tag>
</tag>
<suite>
<stat pass="1" fail="0" id="s1" name="Imagetest">Imagetest</stat>
</suite>
</statistics>
<errors>
</errors>
</robot>
