<?xml version="1.0" encoding="UTF-8"?>
<robot generator="Robot 3.2.1 (Python 3.8.2 on darwin)" generated="20200704 14:40:03.535" rpa="false">
<suite id="s1" name="Calculator" source="/Users/smartwasap/Desktop/automated_test/calculator.robot">
<test id="s1-t1" name="Calculate with Keywords">
<kw name="Open Browser Calculate">
<kw name="Open Browser" library="SeleniumLibrary">
<doc>Opens a new browser instance to the optional ``url``.</doc>
<arguments>
<arg>https://www.rapidtables.com/calc/math/calculator.html</arg>
<arg>chrome</arg>
</arguments>
<msg timestamp="20200704 14:40:03.677" level="INFO">Opening browser 'chrome' to base url 'https://www.rapidtables.com/calc/math/calculator.html'.</msg>
<status status="PASS" starttime="20200704 14:40:03.677" endtime="20200704 14:40:07.242"></status>
</kw>
<status status="PASS" starttime="20200704 14:40:03.676" endtime="20200704 14:40:07.242"></status>
</kw>
<kw name="Click Element" library="SeleniumLibrary">
<doc>Click the element identified by ``locator``.</doc>
<arguments>
<arg>${BUTTON OK}</arg>
</arguments>
<msg timestamp="20200704 14:40:07.243" level="INFO">Clicking element '//a[contains(.,'OK')]'.</msg>
<status status="PASS" starttime="20200704 14:40:07.243" endtime="20200704 14:40:07.288"></status>
</kw>
<kw name="Click Number">
<arguments>
<arg>7</arg>
</arguments>
<kw name="Click Element" library="SeleniumLibrary">
<doc>Click the element identified by ``locator``.</doc>
<arguments>
<arg>//td[@onclick="AddTxt('${number}')"]</arg>
</arguments>
<msg timestamp="20200704 14:40:07.289" level="INFO">Clicking element '//td[@onclick="AddTxt('7')"]'.</msg>
<status status="PASS" starttime="20200704 14:40:07.288" endtime="20200704 14:40:07.349"></status>
</kw>
<status status="PASS" starttime="20200704 14:40:07.288" endtime="20200704 14:40:07.349"></status>
</kw>
<kw name="Click Number">
<arguments>
<arg>+</arg>
</arguments>
<kw name="Click Element" library="SeleniumLibrary">
<doc>Click the element identified by ``locator``.</doc>
<arguments>
<arg>//td[@onclick="AddTxt('${number}')"]</arg>
</arguments>
<msg timestamp="20200704 14:40:07.350" level="INFO">Clicking element '//td[@onclick="AddTxt('+')"]'.</msg>
<status status="PASS" starttime="20200704 14:40:07.350" endtime="20200704 14:40:07.442"></status>
</kw>
<status status="PASS" starttime="20200704 14:40:07.349" endtime="20200704 14:40:07.442"></status>
</kw>
<kw name="Click Number">
<arguments>
<arg>3</arg>
</arguments>
<kw name="Click Element" library="SeleniumLibrary">
<doc>Click the element identified by ``locator``.</doc>
<arguments>
<arg>//td[@onclick="AddTxt('${number}')"]</arg>
</arguments>
<msg timestamp="20200704 14:40:07.443" level="INFO">Clicking element '//td[@onclick="AddTxt('3')"]'.</msg>
<status status="PASS" starttime="20200704 14:40:07.442" endtime="20200704 14:40:07.484"></status>
</kw>
<status status="PASS" starttime="20200704 14:40:07.442" endtime="20200704 14:40:07.484"></status>
</kw>
<kw name="Sleep" library="BuiltIn">
<doc>Pauses the test executed for the given time.</doc>
<arguments>
<arg>2</arg>
</arguments>
<msg timestamp="20200704 14:40:09.487" level="INFO">Slept 2 seconds</msg>
<status status="PASS" starttime="20200704 14:40:07.484" endtime="20200704 14:40:09.488"></status>
</kw>
<status status="PASS" starttime="20200704 14:40:03.676" endtime="20200704 14:40:09.488" critical="yes"></status>
</test>
<kw name="Close Browser" library="SeleniumLibrary" type="teardown">
<doc>Closes the current browser.</doc>
<status status="PASS" starttime="20200704 14:40:09.491" endtime="20200704 14:40:09.562"></status>
</kw>
<status status="PASS" starttime="20200704 14:40:03.536" endtime="20200704 14:40:09.562"></status>
</suite>
<statistics>
<total>
<stat pass="1" fail="0">Critical Tests</stat>
<stat pass="1" fail="0">All Tests</stat>
</total>
<tag>
</tag>
<suite>
<stat pass="1" fail="0" id="s1" name="Calculator">Calculator</stat>
</suite>
</statistics>
<errors>
</errors>
</robot>
